mktextfm times
mktextfm times
mktextfm times
mktextfm times/BI
mktextfm times
mktextfm times/B
mktextfm times
mktextfm times/I
mktextfm times
mktextfm times
mktextfm times
mktextfm times
mktextfm Consolas
mktextfm Consolas
mktextfm Consolas
mktextfm Consolas/BI
mktextfm Consolas
mktextfm Consolas/B
mktextfm Consolas
mktextfm Consolas/I
mktextfm Consolas
mktextfm Consolas
mktextfm Consolas
mktextfm Courier_New
mktextfm Courier_New
mktextfm Courier_New
mktextfm Courier_New/BI
mktextfm Courier_New
mktextfm Courier_New/B
mktextfm Courier_New
mktextfm Courier_New/I
mktextfm Courier_New
mktextfm Courier_New
mktextfm Courier_New
mktextfm Monospace
mktextfm Monospace
mktextfm Monospace
mktextfm Monospace/BI
mktextfm Monospace
mktextfm Monospace/B
mktextfm Monospace
mktextfm Monospace/I
mktextfm Monospace
mktextfm Monospace
mktextfm Monospace
